Generated at 2013-06-14 16:24:52 +0000
NameError: Cannot find a resource for virtualenv on ubuntu version 12.10
/var/lib/gems/1.9.1/gems/chef-11.4.4/lib/chef/resource_platform_map.rb:126:in `get'
/var/lib/gems/1.9.1/gems/chef-11.4.4/lib/chef/resource.rb:761:in `resource_for_platform'
/var/lib/gems/1.9.1/gems/chef-11.4.4/lib/chef/resource.rb:778:in `resource_for_node'
/var/lib/gems/1.9.1/gems/chef-11.4.4/lib/chef/dsl/recipe.rb:55:in `method_missing'
/vagrant/chef-repo/cookbooks/maiduodev/recipes/default.rb:32:in `from_file'
/var/lib/gems/1.9.1/gems/chef-11.4.4/lib/chef/mixin/from_file.rb:30:in `instance_eval'
/var/lib/gems/1.9.1/gems/chef-11.4.4/lib/chef/mixin/from_file.rb:30:in `from_file'
/var/lib/gems/1.9.1/gems/chef-11.4.4/lib/chef/cookbook_version.rb:346:in `load_recipe'
/var/lib/gems/1.9.1/gems/chef-11.4.4/lib/chef/run_context.rb:151:in `load_recipe'
/var/lib/gems/1.9.1/gems/chef-11.4.4/lib/chef/run_context/cookbook_compiler.rb:139:in `block in compile_recipes'
/var/lib/gems/1.9.1/gems/chef-11.4.4/lib/chef/run_context/cookbook_compiler.rb:137:in `each'
/var/lib/gems/1.9.1/gems/chef-11.4.4/lib/chef/run_context/cookbook_compiler.rb:137:in `compile_recipes'
/var/lib/gems/1.9.1/gems/chef-11.4.4/lib/chef/run_context/cookbook_compiler.rb:74:in `compile'
/var/lib/gems/1.9.1/gems/chef-11.4.4/lib/chef/run_context.rb:86:in `load'
/var/lib/gems/1.9.1/gems/chef-11.4.4/lib/chef/client.rb:224:in `setup_run_context'
/var/lib/gems/1.9.1/gems/chef-11.4.4/lib/chef/client.rb:467:in `do_run'
/var/lib/gems/1.9.1/gems/chef-11.4.4/lib/chef/client.rb:200:in `run'
/var/lib/gems/1.9.1/gems/chef-11.4.4/lib/chef/application.rb:190:in `run_chef_client'
/var/lib/gems/1.9.1/gems/chef-11.4.4/lib/chef/application/solo.rb:239:in `block in run_application'
/var/lib/gems/1.9.1/gems/chef-11.4.4/lib/chef/application/solo.rb:231:in `loop'
/var/lib/gems/1.9.1/gems/chef-11.4.4/lib/chef/application/solo.rb:231:in `run_application'
/var/lib/gems/1.9.1/gems/chef-11.4.4/lib/chef/application.rb:73:in `run'
/var/lib/gems/1.9.1/gems/chef-11.4.4/bin/chef-solo:25:in `<top (required)>'
/usr/local/bin/chef-solo:23:in `load'
/usr/local/bin/chef-solo:23:in `<main>'